# JRE version: Java(TM) SE Runtime Environment (8.0_92-b14) (build 1.8.0_92-b14)
# Java VM: Java HotSpot(TM) 64-Bit Server VM (25.92-b14 mixed mode windows-amd64 compressed oops)
Heap:
 PSYoungGen      total 467968K, used 31715K [0x00000000e0000000, 0x0000000100000000, 0x0000000100000000)
  eden space 411648K, 0% used [0x00000000e0000000,0x00000000e0000000,0x00000000f9200000)
  from space 56320K, 56% used [0x00000000fc900000,0x00000000fe7f8d38,0x0000000100000000)
  to   space 56320K, 0% used [0x00000000f9200000,0x00000000f9200000,0x00000000fc900000)
 ParOldGen       total 100352K, used 87047K [0x00000000a0000000, 0x00000000a6200000, 0x00000000e0000000)
  object space 100352K, 86% used [0x00000000a0000000,0x00000000a5501d30,0x00000000a6200000)
 Metaspace       used 67497K, capacity 69340K, committed 70784K, reserved 1110016K
  class space    used 8690K, capacity 9004K, committed 9344K, reserved 1048576K
GC Heap History (10 events):
Event: 5622.051 GC heap after
Heap after GC invocations=18 (full 4):
 PSYoungGen      total 282624K, used 19856K [0x00000000e0000000, 0x00000000f6480000, 0x0000000100000000)
  eden space 251904K, 0% used [0x00000000e0000000,0x00000000e0000000,0x00000000ef600000)
  from space 30720K, 64% used [0x00000000f1480000,0x00000000f27e4300,0x00000000f3280000)
  to   space 31232K, 0% used [0x00000000ef600000,0x00000000ef600000,0x00000000f1480000)
 ParOldGen       total 100352K, used 52785K [0x00000000a0000000, 0x00000000a6200000, 0x00000000e0000000)
  object space 100352K, 52% used [0x00000000a0000000,0x00000000a338c6b8,0x00000000a6200000)
 Metaspace       used 65701K, capacity 67544K, committed 69120K, reserved 1110016K
  class space    used 8539K, capacity 8848K, committed 9216K, reserved 1048576K
}
Event: 5623.143 GC heap before
{Heap before GC invocations=19 (full 4):
 PSYoungGen      total 282624K, used 271760K [0x00000000e0000000, 0x00000000f6480000, 0x0000000100000000)
  eden space 251904K, 100% used [0x00000000e0000000,0x00000000ef600000,0x00000000ef600000)
  from space 30720K, 64% used [0x00000000f1480000,0x00000000f27e4300,0x00000000f3280000)
  to   space 31232K, 0% used [0x00000000ef600000,0x00000000ef600000,0x00000000f1480000)
 ParOldGen       total 100352K, used 52785K [0x00000000a0000000, 0x00000000a6200000, 0x00000000e0000000)
  object space 100352K, 52% used [0x00000000a0000000,0x00000000a338c6b8,0x00000000a6200000)
 Metaspace       used 66035K, capacity 67864K, committed 69376K, reserved 1110016K
  class space    used 8542K, capacity 8848K, committed 9216K, reserved 1048576K
Event: 5623.203 GC heap after
Heap after GC invocations=19 (full 4):
 PSYoungGen      total 283136K, used 28717K [0x00000000e0000000, 0x00000000f8580000, 0x0000000100000000)
  eden space 251904K, 0% used [0x00000000e0000000,0x00000000e0000000,0x00000000ef600000)
  from space 31232K, 91% used [0x00000000ef600000,0x00000000f120b488,0x00000000f1480000)
  to   space 35328K, 0% used [0x00000000f6300000,0x00000000f6300000,0x00000000f8580000)
 ParOldGen       total 100352K, used 52793K [0x00000000a0000000, 0x00000000a6200000, 0x00000000e0000000)
  object space 100352K, 52% used [0x00000000a0000000,0x00000000a338e6b8,0x00000000a6200000)
 Metaspace       used 66035K, capacity 67864K, committed 69376K, reserved 1110016K
  class space    used 8542K, capacity 8848K, committed 9216K, reserved 1048576K
}
Event: 5624.121 GC heap before
{Heap before GC invocations=20 (full 4):
 PSYoungGen      total 283136K, used 280621K [0x00000000e0000000, 0x00000000f8580000, 0x0000000100000000)
  eden space 251904K, 100% used [0x00000000e0000000,0x00000000ef600000,0x00000000ef600000)
  from space 31232K, 91% used [0x00000000ef600000,0x00000000f120b488,0x00000000f1480000)
  to   space 35328K, 0% used [0x00000000f6300000,0x00000000f6300000,0x00000000f8580000)
 ParOldGen       total 100352K, used 52793K [0x00000000a0000000, 0x00000000a6200000, 0x00000000e0000000)
  object space 100352K, 52% used [0x00000000a0000000,0x00000000a338e6b8,0x00000000a6200000)
 Metaspace       used 66298K, capacity 68056K, committed 69632K, reserved 1110016K
  class space    used 8543K, capacity 8848K, committed 9216K, reserved 1048576K
Event: 5624.179 GC heap after
Heap after GC invocations=20 (full 4):
 PSYoungGen      total 357888K, used 35325K [0x00000000e0000000, 0x00000000f9f00000, 0x0000000100000000)
  eden space 322560K, 0% used [0x00000000e0000000,0x00000000e0000000,0x00000000f3b00000)
  from space 35328K, 99% used [0x00000000f6300000,0x00000000f857f5b8,0x00000000f8580000)
  to   space 40960K, 0% used [0x00000000f3b00000,0x00000000f3b00000,0x00000000f6300000)
 ParOldGen       total 100352K, used 53998K [0x00000000a0000000, 0x00000000a6200000, 0x00000000e0000000)
  object space 100352K, 53% used [0x00000000a0000000,0x00000000a34bb9d8,0x00000000a6200000)
 Metaspace       used 66298K, capacity 68056K, committed 69632K, reserved 1110016K
  class space    used 8543K, capacity 8848K, committed 9216K, reserved 1048576K
}
Event: 5625.077 GC heap before
{Heap before GC invocations=21 (full 4):
 PSYoungGen      total 357888K, used 357885K [0x00000000e0000000, 0x00000000f9f00000, 0x0000000100000000)
  eden space 322560K, 100% used [0x00000000e0000000,0x00000000f3b00000,0x00000000f3b00000)
  from space 35328K, 99% used [0x00000000f6300000,0x00000000f857f5b8,0x00000000f8580000)
  to   space 40960K, 0% used [0x00000000f3b00000,0x00000000f3b00000,0x00000000f6300000)
 ParOldGen       total 100352K, used 53998K [0x00000000a0000000, 0x00000000a6200000, 0x00000000e0000000)
  object space 100352K, 53% used [0x00000000a0000000,0x00000000a34bb9d8,0x00000000a6200000)
 Metaspace       used 66319K, capacity 68056K, committed 69632K, reserved 1110016K
  class space    used 8544K, capacity 8848K, committed 9216K, reserved 1048576K
Event: 5625.191 GC heap after
Heap after GC invocations=21 (full 4):
 PSYoungGen      total 363520K, used 40948K [0x00000000e0000000, 0x0000000100000000, 0x0000000100000000)
  eden space 322560K, 0% used [0x00000000e0000000,0x00000000e0000000,0x00000000f3b00000)
  from space 40960K, 99% used [0x00000000f3b00000,0x00000000f62fd220,0x00000000f6300000)
  to   space 56320K, 0% used [0x00000000fc900000,0x00000000fc900000,0x0000000100000000)
 ParOldGen       total 100352K, used 78690K [0x00000000a0000000, 0x00000000a6200000, 0x00000000e0000000)
  object space 100352K, 78% used [0x00000000a0000000,0x00000000a4cd89f0,0x00000000a6200000)
 Metaspace       used 66319K, capacity 68056K, committed 69632K, reserved 1110016K
  class space    used 8544K, capacity 8848K, committed 9216K, reserved 1048576K
}
Event: 5627.030 GC heap before
{Heap before GC invocations=22 (full 4):
 PSYoungGen      total 363520K, used 363508K [0x00000000e0000000, 0x0000000100000000, 0x0000000100000000)
  eden space 322560K, 100% used [0x00000000e0000000,0x00000000f3b00000,0x00000000f3b00000)
  from space 40960K, 99% used [0x00000000f3b00000,0x00000000f62fd220,0x00000000f6300000)
  to   space 56320K, 0% used [0x00000000fc900000,0x00000000fc900000,0x0000000100000000)
 ParOldGen       total 100352K, used 78690K [0x00000000a0000000, 0x00000000a6200000, 0x00000000e0000000)
  object space 100352K, 78% used [0x00000000a0000000,0x00000000a4cd89f0,0x00000000a6200000)
 Metaspace       used 67497K, capacity 69340K, committed 70784K, reserved 1110016K
  class space    used 8690K, capacity 9004K, committed 9344K, reserved 1048576K
Event: 5627.116 GC heap after
Heap after GC invocations=22 (full 4):
 PSYoungGen      total 467968K, used 31715K [0x00000000e0000000, 0x0000000100000000, 0x0000000100000000)
  eden space 411648K, 0% used [0x00000000e0000000,0x00000000e0000000,0x00000000f9200000)
  from space 56320K, 56% used [0x00000000fc900000,0x00000000fe7f8d38,0x0000000100000000)
  to   space 56320K, 0% used [0x00000000f9200000,0x00000000f9200000,0x00000000fc900000)
 ParOldGen       total 100352K, used 87047K [0x00000000a0000000, 0x00000000a6200000, 0x00000000e0000000)
  object space 100352K, 86% used [0x00000000a0000000,0x00000000a5501d30,0x00000000a6200000)
 Metaspace       used 67497K, capacity 69340K, committed 70784K, reserved 1110016K
  class space    used 8690K, capacity 9004K, committed 9344K, reserved 1048576K
}
Event: 5627.116 GC heap before
{Heap before GC invocations=23 (full 5):
 PSYoungGen      total 467968K, used 31715K [0x00000000e0000000, 0x0000000100000000, 0x0000000100000000)
  eden space 411648K, 0% used [0x00000000e0000000,0x00000000e0000000,0x00000000f9200000)
  from space 56320K, 56% used [0x00000000fc900000,0x00000000fe7f8d38,0x0000000100000000)
  to   space 56320K, 0% used [0x00000000f9200000,0x00000000f9200000,0x00000000fc900000)
 ParOldGen       total 100352K, used 87047K [0x00000000a0000000, 0x00000000a6200000, 0x00000000e0000000)
  object space 100352K, 86% used [0x00000000a0000000,0x00000000a5501d30,0x00000000a6200000)
 Metaspace       used 67497K, capacity 69340K, committed 70784K, reserved 1110016K
  class space    used 8690K, capacity 9004K, committed 9344K, reserved 1048576K

